\BOOKMARK [0][]{thuchapter.1.0}{\376\377\166\356\000\040\137\125}{}% 1
\BOOKMARK [0][]{chapter.1}{\376\377\0001\000\040\176\352\213\272}{}% 2
\BOOKMARK [1][-]{section.1.1}{\376\377\0001\000.\0001\000\040\170\024\172\166\200\314\146\157\124\214\141\017\116\111}{chapter.1}% 3
\BOOKMARK [1][-]{section.1.2}{\376\377\0001\000.\0002\000\040\126\375\121\205\131\026\170\024\172\166\163\260\162\266}{chapter.1}% 4
\BOOKMARK [2][-]{subsection.1.2.1}{\376\377\0001\000.\0002\000.\0001\000\040\165\037\142\020\133\371\142\227\177\121\176\334\170\024\172\166\163\260\162\266}{section.1.2}% 5
\BOOKMARK [2][-]{subsection.1.2.2}{\376\377\0001\000.\0002\000.\0002\000\040\126\376\120\317\217\154\213\321\170\024\172\166\163\260\162\266}{section.1.2}% 6
\BOOKMARK [2][-]{subsection.1.2.3}{\376\377\0001\000.\0002\000.\0003\000\040\154\064\116\013\126\376\120\317\124\010\142\020\170\024\172\166\163\260\162\266}{section.1.2}% 7
\BOOKMARK [1][-]{section.1.3}{\376\377\0001\000.\0003\000\040\213\376\230\230\147\145\156\220}{chapter.1}% 8
\BOOKMARK [1][-]{section.1.4}{\376\377\0001\000.\0004\000\040\213\272\145\207\121\205\133\271\124\214\133\211\143\222}{chapter.1}% 9
\BOOKMARK [0][]{chapter.2}{\376\377\0002\000\040\127\372\116\216\165\037\142\020\133\371\142\227\177\121\176\334\166\204\126\376\120\317\217\154\213\321\145\271\154\325}{}% 10
\BOOKMARK [1][-]{section.2.1}{\376\377\0002\000.\0001\000\040\165\037\142\020\133\371\142\227\177\121\176\334}{chapter.2}% 11
\BOOKMARK [2][-]{subsection.2.1.1}{\376\377\0002\000.\0001\000.\0001\000\040\165\037\142\020\152\041\127\213}{section.2.1}% 12
\BOOKMARK [2][-]{subsection.2.1.2}{\376\377\0002\000.\0001\000.\0002\000\040\165\037\142\020\133\371\142\227\177\121\176\334\123\237\164\006}{section.2.1}% 13
\BOOKMARK [1][-]{section.2.2}{\376\377\0002\000.\0002\000\040\165\037\142\020\133\371\142\227\177\121\176\334\225\356\230\230\124\214\123\321\134\125}{chapter.2}% 14
\BOOKMARK [2][-]{subsection.2.2.1}{\376\377\0002\000.\0002\000.\0001\000\040\000c\000G\000A\000N}{section.2.2}% 15
\BOOKMARK [2][-]{subsection.2.2.2}{\376\377\0002\000.\0002\000.\0002\000\040\000D\000C\000G\000A\000N}{section.2.2}% 16
\BOOKMARK [2][-]{subsection.2.2.3}{\376\377\0002\000.\0002\000.\0003\000\040\000L\000S\000G\000A\000N}{section.2.2}% 17
\BOOKMARK [2][-]{subsection.2.2.4}{\376\377\0002\000.\0002\000.\0004\000\040\000A\000C\000G\000A\000N}{section.2.2}% 18
\BOOKMARK [1][-]{section.2.3}{\376\377\0002\000.\0003\000\040\127\372\116\216\165\037\142\020\133\371\142\227\177\121\176\334\166\204\126\376\120\317\217\154\213\321}{chapter.2}% 19
\BOOKMARK [2][-]{subsection.2.3.1}{\376\377\0002\000.\0003\000.\0001\000\040\142\020\133\371\126\376\120\317\217\154\213\321\145\271\154\325}{section.2.3}% 20
\BOOKMARK [2][-]{subsection.2.3.2}{\376\377\0002\000.\0003\000.\0002\000\040\227\136\142\020\133\371\126\376\120\317\217\154\213\321\145\271\154\325}{section.2.3}% 21
\BOOKMARK [2][-]{subsection.2.3.3}{\376\377\0002\000.\0003\000.\0003\000\040\126\376\120\317\131\032\152\041\140\001\217\154\213\321}{section.2.3}% 22
\BOOKMARK [1][-]{section.2.4}{\376\377\0002\000.\0004\000\040\147\054\172\340\134\017\176\323}{chapter.2}% 23
\BOOKMARK [0][]{chapter.3}{\376\377\0003\000\040\154\064\116\013\126\376\120\317\124\010\142\020\170\024\172\166}{}% 24
\BOOKMARK [1][-]{section.3.1}{\376\377\0003\000.\0001\000\040\154\064\116\013\126\376\120\317\142\020\120\317\123\237\164\006\123\312\133\130\127\050\225\356\230\230}{chapter.3}% 25
\BOOKMARK [1][-]{section.3.2}{\376\377\0003\000.\0002\000\040\127\372\116\216\165\037\142\020\133\371\142\227\177\121\176\334\166\204\154\064\116\013\126\376\120\317\170\024\172\166}{chapter.3}% 26
\BOOKMARK [2][-]{subsection.3.2.1}{\376\377\0003\000.\0002\000.\0001\000\040\154\064\116\013\126\376\120\317\145\160\143\156\226\306}{section.3.2}% 27
\BOOKMARK [2][-]{subsection.3.2.2}{\376\377\0003\000.\0002\000.\0002\000\040\154\064\116\013\126\376\120\317\213\304\116\367\143\007\150\007}{section.3.2}% 28
\BOOKMARK [2][-]{subsection.3.2.3}{\376\377\0003\000.\0002\000.\0003\000\040\176\317\121\170\154\064\116\013\126\376\120\317\124\010\142\020\145\271\154\325}{section.3.2}% 29
\BOOKMARK [1][-]{section.3.3}{\376\377\0003\000.\0003\000\040\127\372\116\216\122\006\211\343\166\204\154\064\116\013\126\376\120\317\170\024\172\166}{chapter.3}% 30
\BOOKMARK [1][-]{section.3.4}{\376\377\0003\000.\0004\000\040\147\054\172\340\134\017\176\323}{chapter.3}% 31
\BOOKMARK [0][]{chapter.4}{\376\377\0004\000\040\154\064\116\013\126\376\120\317\131\032\152\041\140\001\217\154\213\321\152\041\127\213\213\276\213\241}{}% 32
\BOOKMARK [1][-]{section.4.1}{\376\377\0004\000.\0001\000\040\154\064\116\013\126\376\120\317\131\032\152\041\140\001\217\154\213\321\225\356\230\230\133\232\116\111}{chapter.4}% 33
\BOOKMARK [1][-]{section.4.2}{\376\377\0004\000.\0002\000\040\154\064\116\013\126\376\120\317\131\032\152\041\140\001\217\154\213\321\225\356\230\230\122\006\147\220}{chapter.4}% 34
\BOOKMARK [1][-]{section.4.3}{\376\377\0004\000.\0003\000\040\136\372\172\313\152\041\127\213\173\227\154\325\124\214\143\137\131\061\121\375\145\160}{chapter.4}% 35
\BOOKMARK [2][-]{subsection.4.3.1}{\376\377\0004\000.\0003\000.\0001\000\040\152\041\127\213\122\033\145\260\160\271}{section.4.3}% 36
\BOOKMARK [2][-]{subsection.4.3.2}{\376\377\0004\000.\0003\000.\0002\000\040\166\356\150\007\121\375\145\160\124\214\173\227\154\325}{section.4.3}% 37
\BOOKMARK [2][-]{subsection.4.3.3}{\376\377\0004\000.\0003\000.\0003\000\040\177\121\176\334\176\323\147\204}{section.4.3}% 38
\BOOKMARK [1][-]{section.4.4}{\376\377\0004\000.\0004\000\040\147\054\172\340\134\017\176\323}{chapter.4}% 39
\BOOKMARK [0][]{chapter.5}{\376\377\0005\000\040\154\064\116\013\126\376\120\317\131\032\152\041\140\001\217\154\213\321\166\204\133\236\232\214\116\016\122\006\147\220\213\304\155\113}{}% 40
\BOOKMARK [1][-]{section.5.1}{\376\377\0005\000.\0001\000\040\000e\000x\000p\000e\000r\000i\000m\000e\000n\000t}{chapter.5}% 41
\BOOKMARK [0][]{chapter.6}{\376\377\0006\000\040\140\073\176\323\116\016\134\125\147\033}{}% 42
\BOOKMARK [1][-]{section.6.1}{\376\377\0006\000.\0001\000\040\121\150\145\207\140\073\176\323}{chapter.6}% 43
\BOOKMARK [1][-]{section.6.2}{\376\377\0006\000.\0002\000\040\124\016\176\355\135\345\117\134\134\125\147\033}{chapter.6}% 44
\BOOKMARK [0][]{chapter.7}{\376\377\0007\000\040\173\054\0006\172\340}{}% 45
\BOOKMARK [1][-]{section.7.1}{\376\377\0007\000.\0001\000\040\173\054\0006\000.\0001\202\202}{chapter.7}% 46
\BOOKMARK [2][-]{subsection.7.1.1}{\376\377\0007\000.\0001\000.\0001\000\040\173\054\0006\000.\0001\000.\0001\202\202}{section.7.1}% 47
\BOOKMARK [0][]{thuchapter.2.0}{\376\377\123\302\200\003\145\207\163\056}{}% 48
\BOOKMARK [0][]{section*.18}{\376\377\201\364\000\040\214\042}{}% 49
\BOOKMARK [0][]{section*.20}{\376\377\116\052\116\272\173\200\123\206\060\001\127\050\133\146\147\037\225\364\123\321\210\150\166\204\133\146\147\057\213\272\145\207\116\016\170\024\172\166\142\020\147\234}{}% 50
